Flutter crash report.
Please report a bug at https://github.com/flutter/flutter/issues.

## command

flutter run

## exception

NoSuchMethodError: NoSuchMethodError: The getter 'baseUri' was called on null.
Receiver: null
Tried calling: baseUri

```
#0      Object.noSuchMethod (dart:core-patch/object_patch.dart:63:5)
#1      _reloadDeviceSources (package:flutter_tools/src/run_hot.dart:1171:46)
#2      _defaultReloadSourcesHelper (package:flutter_tools/src/run_hot.dart:1115:71)
#3      HotRunner._reloadSources (package:flutter_tools/src/run_hot.dart:897:64)
<asynchronous suspension>
#4      HotRunner._hotReloadHelper (package:flutter_tools/src/run_hot.dart:809:16)
<asynchronous suspension>
#5      HotRunner.restart (package:flutter_tools/src/run_hot.dart:711:36)
<asynchronous suspension>
#6      TerminalHandler._commonTerminalInputHandler (package:flutter_tools/src/resident_runner.dart:1606:40)
<asynchronous suspension>
#7      TerminalHandler.processTerminalInput (package:flutter_tools/src/resident_runner.dart:1659:7)
<asynchronous suspension>
```

## flutter doctor

```
encountered exception: Exception: The flutter tool cannot access the file or directory.
Please ensure that the SDK and/or project is installed in a location that has read/write permissions for the current user.


#0      throwToolExit (package:flutter_tools/src/base/common.dart:10:3)
#1      _throwFileSystemException (package:flutter_tools/src/base/error_handling_io.dart:813:3)
#2      _handlePosixException (package:flutter_tools/src/base/error_handling_io.dart:761:3)
#3      _runSync (package:flutter_tools/src/base/error_handling_io.dart:614:7)
#4      ErrorHandlingProcessManager.runSync (package:flutter_tools/src/base/error_handling_io.dart:711:12)
#5      _DefaultProcessUtils.runSync (package:flutter_tools/src/base/process.dart:373:51)
#6      AndroidStudio._init (package:flutter_tools/src/android/android_studio.dart:462:39)
#7      new AndroidStudio (package:flutter_tools/src/android/android_studio.dart:40:5)
#8      new AndroidStudio.fromMacOSBundle (package:flutter_tools/src/android/android_studio.dart:94:12)
#9      AndroidStudio._allMacOS.<anonymous closure> (package:flutter_tools/src/android/android_studio.dart:320:67)
#10     MappedListIterable.elementAt (dart:_internal/iterable.dart:413:31)
#11     ListIterator.moveNext (dart:_internal/iterable.dart:342:26)
#12     WhereTypeIterator.moveNext (dart:_internal/iterable.dart:869:20)
#13     new _GrowableList._ofOther (dart:core-patch/growable_array.dart:198:26)
#14     new _GrowableList.of (dart:core-patch/growable_array.dart:152:26)
#15     new List.of (dart:core-patch/array_patch.dart:50:28)
#16     Iterable.toList (dart:core/iterable.dart:388:12)
#17     AndroidStudio._allMacOS (package:flutter_tools/src/android/android_studio.dart:322:10)
#18     AndroidStudio.allInstalled (package:flutter_tools/src/android/android_studio.dart:251:34)
#19     AndroidStudioValidator.allValidators (package:flutter_tools/src/android/android_studio_validator.dart:33:55)
#20     _DefaultDoctorValidatorsProvider.validators (package:flutter_tools/src/doctor.dart:81:35)
#21     Doctor.validators (package:flutter_tools/src/doctor.dart:187:46)
#22     Doctor.startValidatorTasks (package:flutter_tools/src/doctor.dart:193:45)
#23     Doctor.diagnose (package:flutter_tools/src/doctor.dart:304:47)
#24     _doctorText (package:flutter_tools/runner.dart:232:18)
#25     _handleToolError (package:flutter_tools/runner.dart:157:27)
<asynchronous suspension>
#26     run.<anonymous closure>.<anonymous closure> (package:flutter_tools/runner.dart:86:7)
<asynchronous suspension>
```
